-- Found ament_cmake: 1.3.11 (/opt/ros/humble/share/ament_cmake/cmake)
-- Override CMake install command with custom implementation using symlinks instead of copying resources
-- Found rclcpp: 16.0.11 (/opt/ros/humble/share/rclcpp/cmake)
-- Found rosidl_generator_c: 3.1.6 (/opt/ros/humble/share/rosidl_generator_c/cmake)
-- Found rosidl_adapter: 3.1.6 (/opt/ros/humble/share/rosidl_adapter/cmake)
-- Found rosidl_generator_cpp: 3.1.6 (/opt/ros/humble/share/rosidl_generator_cpp/cmake)
-- Using all available rosidl_typesupport_c: rosidl_typesupport_fastrtps_c;rosidl_typesupport_introspection_c
-- Using all available rosidl_typesupport_cpp: rosidl_typesupport_fastrtps_cpp;rosidl_typesupport_introspection_cpp
-- Found rmw_implementation_cmake: 6.1.2 (/opt/ros/humble/share/rmw_implementation_cmake/cmake)
-- Found rmw_fastrtps_cpp: 6.2.7 (/opt/ros/humble/share/rmw_fastrtps_cpp/cmake)
-- Using RMW implementation 'rmw_fastrtps_cpp' as default
-- Found sensor_msgs: 4.2.4 (/opt/ros/humble/share/sensor_msgs/cmake)
-- Found cv_bridge: 3.2.1 (/opt/ros/humble/share/cv_bridge/cmake)
-- Configuring done (0.4s)
-- Generating done (0.0s)
-- Build files have been written to: /home/thornch/qdesign_ros2/build/qdesign_ros2
[  0%] Built target qt_realsense_node_autogen_timestamp_deps
[  0%] Built target realsense_camera_node_autogen_timestamp_deps
[  9%] [34m[1mAutomatic MOC and UIC for target realsense_camera_node[0m
[ 18%] [34m[1mAutomatic MOC and UIC for target qt_realsense_node[0m
[ 18%] Built target realsense_camera_node_autogen
[ 18%] Built target qt_realsense_node_autogen
[ 27%] [32mBuilding CXX object CMakeFiles/realsense_camera_node.dir/realsense_camera_node_autogen/mocs_compilation.cpp.o[0m
[ 36%] [32mBuilding CXX object CMakeFiles/realsense_camera_node.dir/launch/launch_camera.cpp.o[0m
[ 81%] Built target qt_realsense_node
[ 90%] [32m[1mLinking CXX executable realsense_camera_node[0m
[100%] Built target realsense_camera_node
-- Install configuration: ""
-- Execute custom install script
-- Symlinking: /home/thornch/qdesign_ros2/install/qdesign_ros2/lib/qdesign_ros2/qt_realsense_node
-- Symlinking: /home/thornch/qdesign_ros2/install/qdesign_ros2/lib/qdesign_ros2/realsense_camera_node
-- Symlinking: /home/thornch/qdesign_ros2/install/qdesign_ros2/share/ament_index/resource_index/package_run_dependencies/qdesign_ros2
-- Symlinking: /home/thornch/qdesign_ros2/install/qdesign_ros2/share/ament_index/resource_index/parent_prefix_path/qdesign_ros2
-- Symlinking: /home/thornch/qdesign_ros2/install/qdesign_ros2/share/qdesign_ros2/environment/ament_prefix_path.sh
-- Symlinking: /home/thornch/qdesign_ros2/install/qdesign_ros2/share/qdesign_ros2/environment/ament_prefix_path.dsv
-- Symlinking: /home/thornch/qdesign_ros2/install/qdesign_ros2/share/qdesign_ros2/environment/path.sh
-- Symlinking: /home/thornch/qdesign_ros2/install/qdesign_ros2/share/qdesign_ros2/environment/path.dsv
-- Symlinking: /home/thornch/qdesign_ros2/install/qdesign_ros2/share/qdesign_ros2/local_setup.bash
-- Symlinking: /home/thornch/qdesign_ros2/install/qdesign_ros2/share/qdesign_ros2/local_setup.sh
-- Symlinking: /home/thornch/qdesign_ros2/install/qdesign_ros2/share/qdesign_ros2/local_setup.zsh
-- Symlinking: /home/thornch/qdesign_ros2/install/qdesign_ros2/share/qdesign_ros2/local_setup.dsv
-- Symlinking: /home/thornch/qdesign_ros2/install/qdesign_ros2/share/qdesign_ros2/package.dsv
-- Symlinking: /home/thornch/qdesign_ros2/install/qdesign_ros2/share/ament_index/resource_index/packages/qdesign_ros2
-- Symlinking: /home/thornch/qdesign_ros2/install/qdesign_ros2/share/qdesign_ros2/cmake/qdesign_ros2Config.cmake
-- Symlinking: /home/thornch/qdesign_ros2/install/qdesign_ros2/share/qdesign_ros2/cmake/qdesign_ros2Config-version.cmake
-- Symlinking: /home/thornch/qdesign_ros2/install/qdesign_ros2/share/qdesign_ros2/package.xml
-- Installing: /home/thornch/qdesign_ros2/install/qdesign_ros2/share/qdesign_ros2/launch
-- Installing: /home/thornch/qdesign_ros2/install/qdesign_ros2/share/qdesign_ros2/launch/include
-- Installing: /home/thornch/qdesign_ros2/install/qdesign_ros2/share/qdesign_ros2/launch/include/camera_node.hpp
-- Installing: /home/thornch/qdesign_ros2/install/qdesign_ros2/share/qdesign_ros2/launch/launch_camera.cpp
