[  0%] Built target qt_realsense_node_autogen_timestamp_deps
[  0%] Built target realsense_camera_node_autogen_timestamp_deps
[  9%] Built target realsense_camera_node_autogen
[ 45%] Built target realsense_camera_node
[ 54%] [34m[1mAutomatic MOC and UIC for target qt_realsense_node[0m
[ 54%] Built target qt_realsense_node_autogen
[ 63%] [32mBuilding CXX object CMakeFiles/qt_realsense_node.dir/src/DialogController.cpp.o[0m
[ 72%] [32m[1mLinking CXX executable qt_realsense_node[0m
/usr/bin/ld: warning: libopencv_imgcodecs.so.4.5d, needed by /opt/ros/humble/lib/libcv_bridge.so, may conflict with libopencv_imgcodecs.so.410
/usr/bin/ld: warning: libopencv_core.so.4.5d, needed by /opt/ros/humble/lib/libcv_bridge.so, may conflict with libopencv_core.so.410
[100%] Built target qt_realsense_node
-- Install configuration: ""
-- Execute custom install script
-- Up-to-date symlink: /home/thornch/qdesign_ros2/install/qdesign_ros2/lib/qdesign_ros2/qt_realsense_node
-- Up-to-date symlink: /home/thornch/qdesign_ros2/install/qdesign_ros2/lib/qdesign_ros2/realsense_camera_node
-- Up-to-date symlink: /home/thornch/qdesign_ros2/install/qdesign_ros2/share/ament_index/resource_index/package_run_dependencies/qdesign_ros2
-- Up-to-date symlink: /home/thornch/qdesign_ros2/install/qdesign_ros2/share/ament_index/resource_index/parent_prefix_path/qdesign_ros2
-- Up-to-date symlink: /home/thornch/qdesign_ros2/install/qdesign_ros2/share/qdesign_ros2/environment/ament_prefix_path.sh
-- Up-to-date symlink: /home/thornch/qdesign_ros2/install/qdesign_ros2/share/qdesign_ros2/environment/ament_prefix_path.dsv
-- Up-to-date symlink: /home/thornch/qdesign_ros2/install/qdesign_ros2/share/qdesign_ros2/environment/path.sh
-- Up-to-date symlink: /home/thornch/qdesign_ros2/install/qdesign_ros2/share/qdesign_ros2/environment/path.dsv
-- Up-to-date symlink: /home/thornch/qdesign_ros2/install/qdesign_ros2/share/qdesign_ros2/local_setup.bash
-- Up-to-date symlink: /home/thornch/qdesign_ros2/install/qdesign_ros2/share/qdesign_ros2/local_setup.sh
-- Up-to-date symlink: /home/thornch/qdesign_ros2/install/qdesign_ros2/share/qdesign_ros2/local_setup.zsh
-- Up-to-date symlink: /home/thornch/qdesign_ros2/install/qdesign_ros2/share/qdesign_ros2/local_setup.dsv
-- Symlinking: /home/thornch/qdesign_ros2/install/qdesign_ros2/share/qdesign_ros2/package.dsv
-- Up-to-date symlink: /home/thornch/qdesign_ros2/install/qdesign_ros2/share/ament_index/resource_index/packages/qdesign_ros2
-- Up-to-date symlink: /home/thornch/qdesign_ros2/install/qdesign_ros2/share/qdesign_ros2/cmake/qdesign_ros2Config.cmake
-- Up-to-date symlink: /home/thornch/qdesign_ros2/install/qdesign_ros2/share/qdesign_ros2/cmake/qdesign_ros2Config-version.cmake
-- Up-to-date symlink: /home/thornch/qdesign_ros2/install/qdesign_ros2/share/qdesign_ros2/package.xml
-- Up-to-date: /home/thornch/qdesign_ros2/install/qdesign_ros2/share/qdesign_ros2/launch
-- Up-to-date: /home/thornch/qdesign_ros2/install/qdesign_ros2/share/qdesign_ros2/launch/include
-- Up-to-date: /home/thornch/qdesign_ros2/install/qdesign_ros2/share/qdesign_ros2/launch/include/camera_node.hpp
-- Up-to-date: /home/thornch/qdesign_ros2/install/qdesign_ros2/share/qdesign_ros2/launch/launch_camera.cpp
