[0.007s] Invoking command in '/home/thornch/qdesign_ros2/build/qdesign_ros2': CMAKE_PREFIX_PATH=${CMAKE_PREFIX_PATH}:/opt/ros/humble /usr/bin/cmake --build /home/thornch/qdesign_ros2/build/qdesign_ros2 -- -j24 -l24
[0.027s] [  0%] Built target qt_realsense_node_autogen_timestamp_deps
[0.027s] [  0%] Built target realsense_camera_node_autogen_timestamp_deps
[0.047s] [  9%] Built target realsense_camera_node_autogen
[0.065s] [ 45%] Built target realsense_camera_node
[0.069s] [ 54%] [34m[1mAutomatic MOC and UIC for target qt_realsense_node[0m
[0.081s] [ 54%] Built target qt_realsense_node_autogen
[0.115s] [ 63%] [32mBuilding CXX object CMakeFiles/qt_realsense_node.dir/src/DialogController.cpp.o[0m
[5.823s] [ 72%] [32m[1mLinking CXX executable qt_realsense_node[0m
[6.273s] /usr/bin/ld: warning: libopencv_imgcodecs.so.4.5d, needed by /opt/ros/humble/lib/libcv_bridge.so, may conflict with libopencv_imgcodecs.so.410
[6.273s] /usr/bin/ld: warning: libopencv_core.so.4.5d, needed by /opt/ros/humble/lib/libcv_bridge.so, may conflict with libopencv_core.so.410
[6.589s] [100%] Built target qt_realsense_node
[6.599s] Invoked command in '/home/thornch/qdesign_ros2/build/qdesign_ros2' returned '0': CMAKE_PREFIX_PATH=${CMAKE_PREFIX_PATH}:/opt/ros/humble /usr/bin/cmake --build /home/thornch/qdesign_ros2/build/qdesign_ros2 -- -j24 -l24
[6.602s] Invoking command in '/home/thornch/qdesign_ros2/build/qdesign_ros2': CMAKE_PREFIX_PATH=${CMAKE_PREFIX_PATH}:/opt/ros/humble /usr/bin/cmake --install /home/thornch/qdesign_ros2/build/qdesign_ros2
[6.606s] -- Install configuration: ""
[6.606s] -- Execute custom install script
[6.606s] -- Up-to-date symlink: /home/thornch/qdesign_ros2/install/qdesign_ros2/lib/qdesign_ros2/qt_realsense_node
[6.606s] -- Up-to-date symlink: /home/thornch/qdesign_ros2/install/qdesign_ros2/lib/qdesign_ros2/realsense_camera_node
[6.606s] -- Up-to-date symlink: /home/thornch/qdesign_ros2/install/qdesign_ros2/share/ament_index/resource_index/package_run_dependencies/qdesign_ros2
[6.607s] -- Up-to-date symlink: /home/thornch/qdesign_ros2/install/qdesign_ros2/share/ament_index/resource_index/parent_prefix_path/qdesign_ros2
[6.607s] -- Up-to-date symlink: /home/thornch/qdesign_ros2/install/qdesign_ros2/share/qdesign_ros2/environment/ament_prefix_path.sh
[6.607s] -- Up-to-date symlink: /home/thornch/qdesign_ros2/install/qdesign_ros2/share/qdesign_ros2/environment/ament_prefix_path.dsv
[6.607s] -- Up-to-date symlink: /home/thornch/qdesign_ros2/install/qdesign_ros2/share/qdesign_ros2/environment/path.sh
[6.607s] -- Up-to-date symlink: /home/thornch/qdesign_ros2/install/qdesign_ros2/share/qdesign_ros2/environment/path.dsv
[6.607s] -- Up-to-date symlink: /home/thornch/qdesign_ros2/install/qdesign_ros2/share/qdesign_ros2/local_setup.bash
[6.607s] -- Up-to-date symlink: /home/thornch/qdesign_ros2/install/qdesign_ros2/share/qdesign_ros2/local_setup.sh
[6.607s] -- Up-to-date symlink: /home/thornch/qdesign_ros2/install/qdesign_ros2/share/qdesign_ros2/local_setup.zsh
[6.608s] -- Up-to-date symlink: /home/thornch/qdesign_ros2/install/qdesign_ros2/share/qdesign_ros2/local_setup.dsv
[6.608s] -- Symlinking: /home/thornch/qdesign_ros2/install/qdesign_ros2/share/qdesign_ros2/package.dsv
[6.613s] -- Up-to-date symlink: /home/thornch/qdesign_ros2/install/qdesign_ros2/share/ament_index/resource_index/packages/qdesign_ros2
[6.614s] -- Up-to-date symlink: /home/thornch/qdesign_ros2/install/qdesign_ros2/share/qdesign_ros2/cmake/qdesign_ros2Config.cmake
[6.614s] -- Up-to-date symlink: /home/thornch/qdesign_ros2/install/qdesign_ros2/share/qdesign_ros2/cmake/qdesign_ros2Config-version.cmake
[6.614s] -- Up-to-date symlink: /home/thornch/qdesign_ros2/install/qdesign_ros2/share/qdesign_ros2/package.xml
[6.614s] -- Up-to-date: /home/thornch/qdesign_ros2/install/qdesign_ros2/share/qdesign_ros2/launch
[6.615s] -- Up-to-date: /home/thornch/qdesign_ros2/install/qdesign_ros2/share/qdesign_ros2/launch/include
[6.615s] -- Up-to-date: /home/thornch/qdesign_ros2/install/qdesign_ros2/share/qdesign_ros2/launch/include/camera_node.hpp
[6.615s] -- Up-to-date: /home/thornch/qdesign_ros2/install/qdesign_ros2/share/qdesign_ros2/launch/launch_camera.cpp
[6.617s] Invoked command in '/home/thornch/qdesign_ros2/build/qdesign_ros2' returned '0': CMAKE_PREFIX_PATH=${CMAKE_PREFIX_PATH}:/opt/ros/humble /usr/bin/cmake --install /home/thornch/qdesign_ros2/build/qdesign_ros2
