[0.006s] Invoking command in '/home/thornch/qdesign_ros2/build/qdesign_ros2': /usr/bin/cmake /home/thornch/qdesign_ros2 -DCMAKE_INSTALL_PREFIX=/home/thornch/qdesign_ros2/install/qdesign_ros2
[0.014s] -- Found ament_cmake: 1.3.11 (/opt/ros/humble/share/ament_cmake/cmake)
[0.132s] -- Found rclcpp: 16.0.11 (/opt/ros/humble/share/rclcpp/cmake)
[0.151s] -- Found rosidl_generator_c: 3.1.6 (/opt/ros/humble/share/rosidl_generator_c/cmake)
[0.152s] -- Found rosidl_adapter: 3.1.6 (/opt/ros/humble/share/rosidl_adapter/cmake)
[0.156s] -- Found rosidl_generator_cpp: 3.1.6 (/opt/ros/humble/share/rosidl_generator_cpp/cmake)
[0.161s] -- Using all available rosidl_typesupport_c: rosidl_typesupport_fastrtps_c;rosidl_typesupport_introspection_c
[0.168s] -- Using all available rosidl_typesupport_cpp: rosidl_typesupport_fastrtps_cpp;rosidl_typesupport_introspection_cpp
[0.188s] -- Found rmw_implementation_cmake: 6.1.2 (/opt/ros/humble/share/rmw_implementation_cmake/cmake)
[0.189s] -- Found rmw_fastrtps_cpp: 6.2.7 (/opt/ros/humble/share/rmw_fastrtps_cpp/cmake)
[0.246s] -- Using RMW implementation 'rmw_fastrtps_cpp' as default
[0.279s] -- Found sensor_msgs: 4.2.4 (/opt/ros/humble/share/sensor_msgs/cmake)
[0.299s] -- Found cv_bridge: 3.2.1 (/opt/ros/humble/share/cv_bridge/cmake)
[0.312s] [0mCMake Error: File /home/thornch/qdesign_ros2/package.xml does not exist.[0m
[0.312s] [31mCMake Error at /opt/ros/humble/share/ament_cmake_core/cmake/core/stamp.cmake:24 (configure_file):
[0.312s]   configure_file Problem configuring file
[0.312s] Call Stack (most recent call first):
[0.312s]   /opt/ros/humble/share/ament_cmake_core/cmake/core/ament_package_xml.cmake:73 (stamp)
[0.312s]   /opt/ros/humble/share/ament_cmake_core/cmake/core/ament_package_xml.cmake:49 (_ament_package_xml)
[0.312s]   /opt/ros/humble/share/ament_cmake_core/cmake/core/ament_package.cmake:63 (ament_package_xml)
[0.312s]   CMakeLists.txt:62 (ament_package)
[0.312s] 
[0.312s] [0m
[0.313s] -- Configuring incomplete, errors occurred!
[0.317s] Invoked command in '/home/thornch/qdesign_ros2/build/qdesign_ros2' returned '1': /usr/bin/cmake /home/thornch/qdesign_ros2 -DCMAKE_INSTALL_PREFIX=/home/thornch/qdesign_ros2/install/qdesign_ros2
