[0.006s] Invoking command in '/home/thornch/qdesign_ros2_enduser/build/qdesign_ros2_enduser': CMAKE_PREFIX_PATH=${CMAKE_PREFIX_PATH}:/opt/ros/humble /usr/bin/cmake /home/thornch/qdesign_ros2_enduser -DAMENT_CMAKE_SYMLINK_INSTALL=1 -DCMAKE_INSTALL_PREFIX=/home/thornch/qdesign_ros2_enduser/install/qdesign_ros2_enduser
[0.069s] -- The C compiler identification is GNU 11.4.0
[0.157s] -- The CXX compiler identification is GNU 11.4.0
[0.168s] -- Detecting C compiler ABI info
[0.265s] -- Detecting C compiler ABI info - done
[0.285s] -- Check for working C compiler: /usr/bin/cc - skipped
[0.286s] -- Detecting C compile features
[0.287s] -- Detecting C compile features - done
[0.317s] -- Detecting CXX compiler ABI info
[0.436s] -- Detecting CXX compiler ABI info - done
[0.445s] -- Check for working CXX compiler: /usr/bin/c++ - skipped
[0.445s] -- Detecting CXX compile features
[0.446s] -- Detecting CXX compile features - done
[0.450s] -- Found ament_cmake: 1.3.11 (/opt/ros/humble/share/ament_cmake/cmake)
[0.550s] -- Found Python3: /usr/bin/python3 (found version "3.10.12") found components: Interpreter
[0.588s] -- Override CMake install command with custom implementation using symlinks instead of copying resources
[0.600s] -- Found rclcpp: 16.0.11 (/opt/ros/humble/share/rclcpp/cmake)
[0.621s] -- Found rosidl_generator_c: 3.1.6 (/opt/ros/humble/share/rosidl_generator_c/cmake)
[0.624s] -- Found rosidl_adapter: 3.1.6 (/opt/ros/humble/share/rosidl_adapter/cmake)
[0.628s] -- Found rosidl_generator_cpp: 3.1.6 (/opt/ros/humble/share/rosidl_generator_cpp/cmake)
[0.634s] -- Using all available rosidl_typesupport_c: rosidl_typesupport_fastrtps_c;rosidl_typesupport_introspection_c
[0.643s] -- Using all available rosidl_typesupport_cpp: rosidl_typesupport_fastrtps_cpp;rosidl_typesupport_introspection_cpp
[0.667s] -- Found rmw_implementation_cmake: 6.1.2 (/opt/ros/humble/share/rmw_implementation_cmake/cmake)
[0.668s] -- Found rmw_fastrtps_cpp: 6.2.7 (/opt/ros/humble/share/rmw_fastrtps_cpp/cmake)
[0.714s] -- Found OpenSSL: /usr/lib/x86_64-linux-gnu/libcrypto.so (found version "3.0.2")
[0.729s] -- Found FastRTPS: /opt/ros/humble/include
[0.753s] -- Using RMW implementation 'rmw_fastrtps_cpp' as default
[0.757s] -- Performing Test CMAKE_HAVE_LIBC_PTHREAD
[0.818s] -- Performing Test CMAKE_HAVE_LIBC_PTHREAD - Success
[0.819s] -- Found Threads: TRUE
[0.853s] -- Found sensor_msgs: 4.2.4 (/opt/ros/humble/share/sensor_msgs/cmake)
[0.875s] -- Found cv_bridge: 3.2.1 (/opt/ros/humble/share/cv_bridge/cmake)
[0.889s] -- Found OpenCV: /usr/local (found version "4.10.0")
[0.925s] -- Configuring done (0.9s)
[0.954s] -- Generating done (0.0s)
[0.956s] -- Build files have been written to: /home/thornch/qdesign_ros2_enduser/build/qdesign_ros2_enduser
[0.963s] Invoked command in '/home/thornch/qdesign_ros2_enduser/build/qdesign_ros2_enduser' returned '0': CMAKE_PREFIX_PATH=${CMAKE_PREFIX_PATH}:/opt/ros/humble /usr/bin/cmake /home/thornch/qdesign_ros2_enduser -DAMENT_CMAKE_SYMLINK_INSTALL=1 -DCMAKE_INSTALL_PREFIX=/home/thornch/qdesign_ros2_enduser/install/qdesign_ros2_enduser
[0.964s] Invoking command in '/home/thornch/qdesign_ros2_enduser/build/qdesign_ros2_enduser': CMAKE_PREFIX_PATH=${CMAKE_PREFIX_PATH}:/opt/ros/humble /usr/bin/cmake --build /home/thornch/qdesign_ros2_enduser/build/qdesign_ros2_enduser -- -j24 -l24
[0.991s] [  0%] Built target realsense_camera_node_autogen_timestamp_deps
[0.992s] [  0%] Built target qt_realsense_node_autogen_timestamp_deps
[1.015s] [  9%] [34m[1mAutomatic MOC and UIC for target realsense_camera_node[0m
[1.017s] [ 18%] [34m[1mAutomatic MOC and UIC for target qt_realsense_node[0m
[1.065s] [ 18%] Built target realsense_camera_node_autogen
[1.088s] [ 27%] [32mBuilding CXX object CMakeFiles/realsense_camera_node.dir/realsense_camera_node_autogen/mocs_compilation.cpp.o[0m
[1.088s] [ 36%] [32mBuilding CXX object CMakeFiles/realsense_camera_node.dir/launch/launch_camera.cpp.o[0m
[1.320s] [ 36%] Built target qt_realsense_node_autogen
[1.334s] [ 45%] [32mBuilding CXX object CMakeFiles/qt_realsense_node.dir/qt_realsense_node_autogen/mocs_compilation.cpp.o[0m
[1.334s] [ 54%] [32mBuilding CXX object CMakeFiles/qt_realsense_node.dir/src/main.cpp.o[0m
[1.334s] [ 63%] [32mBuilding CXX object CMakeFiles/qt_realsense_node.dir/src/DialogController.cpp.o[0m
[3.651s] [ 72%] [32m[1mLinking CXX executable realsense_camera_node[0m
[3.779s] [ 81%] Built target realsense_camera_node
[6.578s] [ 90%] [32m[1mLinking CXX executable qt_realsense_node[0m
[6.989s] /usr/bin/ld: warning: libopencv_imgcodecs.so.4.5d, needed by /opt/ros/humble/lib/libcv_bridge.so, may conflict with libopencv_imgcodecs.so.410
[6.990s] /usr/bin/ld: warning: libopencv_core.so.4.5d, needed by /opt/ros/humble/lib/libcv_bridge.so, may conflict with libopencv_core.so.410
[7.274s] [100%] Built target qt_realsense_node
[7.284s] Invoked command in '/home/thornch/qdesign_ros2_enduser/build/qdesign_ros2_enduser' returned '0': CMAKE_PREFIX_PATH=${CMAKE_PREFIX_PATH}:/opt/ros/humble /usr/bin/cmake --build /home/thornch/qdesign_ros2_enduser/build/qdesign_ros2_enduser -- -j24 -l24
[7.288s] Invoking command in '/home/thornch/qdesign_ros2_enduser/build/qdesign_ros2_enduser': CMAKE_PREFIX_PATH=${CMAKE_PREFIX_PATH}:/opt/ros/humble /usr/bin/cmake --install /home/thornch/qdesign_ros2_enduser/build/qdesign_ros2_enduser
[7.290s] -- Install configuration: ""
[7.291s] -- Execute custom install script
[7.292s] -- Symlinking: /home/thornch/qdesign_ros2_enduser/install/qdesign_ros2_enduser/lib/qdesign_ros2_enduser/qt_realsense_node
[7.295s] -- Symlinking: /home/thornch/qdesign_ros2_enduser/install/qdesign_ros2_enduser/lib/qdesign_ros2_enduser/realsense_camera_node
[7.299s] -- Symlinking: /home/thornch/qdesign_ros2_enduser/install/qdesign_ros2_enduser/share/ament_index/resource_index/package_run_dependencies/qdesign_ros2_enduser
[7.305s] -- Symlinking: /home/thornch/qdesign_ros2_enduser/install/qdesign_ros2_enduser/share/ament_index/resource_index/parent_prefix_path/qdesign_ros2_enduser
[7.313s] -- Symlinking: /home/thornch/qdesign_ros2_enduser/install/qdesign_ros2_enduser/share/qdesign_ros2_enduser/environment/ament_prefix_path.sh
[7.320s] -- Symlinking: /home/thornch/qdesign_ros2_enduser/install/qdesign_ros2_enduser/share/qdesign_ros2_enduser/environment/ament_prefix_path.dsv
[7.327s] -- Symlinking: /home/thornch/qdesign_ros2_enduser/install/qdesign_ros2_enduser/share/qdesign_ros2_enduser/environment/path.sh
[7.336s] -- Symlinking: /home/thornch/qdesign_ros2_enduser/install/qdesign_ros2_enduser/share/qdesign_ros2_enduser/environment/path.dsv
[7.345s] -- Symlinking: /home/thornch/qdesign_ros2_enduser/install/qdesign_ros2_enduser/share/qdesign_ros2_enduser/local_setup.bash
[7.356s] -- Symlinking: /home/thornch/qdesign_ros2_enduser/install/qdesign_ros2_enduser/share/qdesign_ros2_enduser/local_setup.sh
[7.367s] -- Symlinking: /home/thornch/qdesign_ros2_enduser/install/qdesign_ros2_enduser/share/qdesign_ros2_enduser/local_setup.zsh
[7.377s] -- Symlinking: /home/thornch/qdesign_ros2_enduser/install/qdesign_ros2_enduser/share/qdesign_ros2_enduser/local_setup.dsv
[7.387s] -- Symlinking: /home/thornch/qdesign_ros2_enduser/install/qdesign_ros2_enduser/share/qdesign_ros2_enduser/package.dsv
[7.397s] -- Symlinking: /home/thornch/qdesign_ros2_enduser/install/qdesign_ros2_enduser/share/ament_index/resource_index/packages/qdesign_ros2_enduser
[7.407s] -- Symlinking: /home/thornch/qdesign_ros2_enduser/install/qdesign_ros2_enduser/share/qdesign_ros2_enduser/cmake/qdesign_ros2_enduserConfig.cmake
[7.417s] -- Symlinking: /home/thornch/qdesign_ros2_enduser/install/qdesign_ros2_enduser/share/qdesign_ros2_enduser/cmake/qdesign_ros2_enduserConfig-version.cmake
[7.427s] -- Symlinking: /home/thornch/qdesign_ros2_enduser/install/qdesign_ros2_enduser/share/qdesign_ros2_enduser/package.xml
[7.437s] -- Installing: /home/thornch/qdesign_ros2_enduser/install/qdesign_ros2_enduser/share/qdesign_ros2_enduser/launch
[7.437s] -- Installing: /home/thornch/qdesign_ros2_enduser/install/qdesign_ros2_enduser/share/qdesign_ros2_enduser/launch/include
[7.438s] -- Installing: /home/thornch/qdesign_ros2_enduser/install/qdesign_ros2_enduser/share/qdesign_ros2_enduser/launch/include/camera_node.hpp
[7.438s] -- Installing: /home/thornch/qdesign_ros2_enduser/install/qdesign_ros2_enduser/share/qdesign_ros2_enduser/launch/launch_camera.cpp
[7.441s] Invoked command in '/home/thornch/qdesign_ros2_enduser/build/qdesign_ros2_enduser' returned '0': CMAKE_PREFIX_PATH=${CMAKE_PREFIX_PATH}:/opt/ros/humble /usr/bin/cmake --install /home/thornch/qdesign_ros2_enduser/build/qdesign_ros2_enduser
