-- Found ament_cmake: 1.3.11 (/opt/ros/humble/share/ament_cmake/cmake)
-- Found rclcpp: 16.0.11 (/opt/ros/humble/share/rclcpp/cmake)
-- Found rosidl_generator_c: 3.1.6 (/opt/ros/humble/share/rosidl_generator_c/cmake)
-- Found rosidl_adapter: 3.1.6 (/opt/ros/humble/share/rosidl_adapter/cmake)
-- Found rosidl_generator_cpp: 3.1.6 (/opt/ros/humble/share/rosidl_generator_cpp/cmake)
-- Using all available rosidl_typesupport_c: rosidl_typesupport_fastrtps_c;rosidl_typesupport_introspection_c
-- Using all available rosidl_typesupport_cpp: rosidl_typesupport_fastrtps_cpp;rosidl_typesupport_introspection_cpp
-- Found rmw_implementation_cmake: 6.1.2 (/opt/ros/humble/share/rmw_implementation_cmake/cmake)
-- Found rmw_fastrtps_cpp: 6.2.7 (/opt/ros/humble/share/rmw_fastrtps_cpp/cmake)
-- Using RMW implementation 'rmw_fastrtps_cpp' as default
-- Found sensor_msgs: 4.2.4 (/opt/ros/humble/share/sensor_msgs/cmake)
-- Found cv_bridge: 3.2.1 (/opt/ros/humble/share/cv_bridge/cmake)
-- Configuring done (0.4s)
-- Generating done (0.0s)
-- Build files have been written to: /home/thornch/qdesign_ros2/build/qdesign_ros2
[  0%] Built target qt_realsense_node_autogen_timestamp_deps
[ 16%] [34m[1mAutomatic MOC and UIC for target qt_realsense_node[0m
[ 16%] Built target qt_realsense_node_autogen
[ 33%] [32mBuilding CXX object CMakeFiles/qt_realsense_node.dir/qt_realsense_node_autogen/mocs_compilation.cpp.o[0m
[ 66%] [32mBuilding CXX object CMakeFiles/qt_realsense_node.dir/src/DialogController.cpp.o[0m
[ 66%] [32mBuilding CXX object CMakeFiles/qt_realsense_node.dir/src/main.cpp.o[0m
[ 83%] [32m[1mLinking CXX executable qt_realsense_node[0m
/usr/bin/ld: warning: libopencv_imgcodecs.so.4.5d, needed by /opt/ros/humble/lib/libcv_bridge.so, may conflict with libopencv_imgcodecs.so.410
/usr/bin/ld: warning: libopencv_core.so.4.5d, needed by /opt/ros/humble/lib/libcv_bridge.so, may conflict with libopencv_core.so.410
[100%] Built target qt_realsense_node
-- Install configuration: ""
-- Installing: /home/thornch/qdesign_ros2/install/qdesign_ros2/lib/qdesign_ros2/qt_realsense_node
-- Set non-toolchain portion of runtime path of "/home/thornch/qdesign_ros2/install/qdesign_ros2/lib/qdesign_ros2/qt_realsense_node" to ""
-- Installing: /home/thornch/qdesign_ros2/install/qdesign_ros2/share/ament_index/resource_index/package_run_dependencies/qdesign_ros2
-- Installing: /home/thornch/qdesign_ros2/install/qdesign_ros2/share/ament_index/resource_index/parent_prefix_path/qdesign_ros2
-- Installing: /home/thornch/qdesign_ros2/install/qdesign_ros2/share/qdesign_ros2/environment/ament_prefix_path.sh
-- Installing: /home/thornch/qdesign_ros2/install/qdesign_ros2/share/qdesign_ros2/environment/ament_prefix_path.dsv
-- Installing: /home/thornch/qdesign_ros2/install/qdesign_ros2/share/qdesign_ros2/environment/path.sh
-- Installing: /home/thornch/qdesign_ros2/install/qdesign_ros2/share/qdesign_ros2/environment/path.dsv
-- Installing: /home/thornch/qdesign_ros2/install/qdesign_ros2/share/qdesign_ros2/local_setup.bash
-- Installing: /home/thornch/qdesign_ros2/install/qdesign_ros2/share/qdesign_ros2/local_setup.sh
-- Installing: /home/thornch/qdesign_ros2/install/qdesign_ros2/share/qdesign_ros2/local_setup.zsh
-- Installing: /home/thornch/qdesign_ros2/install/qdesign_ros2/share/qdesign_ros2/local_setup.dsv
-- Installing: /home/thornch/qdesign_ros2/install/qdesign_ros2/share/qdesign_ros2/package.dsv
-- Installing: /home/thornch/qdesign_ros2/install/qdesign_ros2/share/ament_index/resource_index/packages/qdesign_ros2
-- Installing: /home/thornch/qdesign_ros2/install/qdesign_ros2/share/qdesign_ros2/cmake/qdesign_ros2Config.cmake
-- Installing: /home/thornch/qdesign_ros2/install/qdesign_ros2/share/qdesign_ros2/cmake/qdesign_ros2Config-version.cmake
-- Installing: /home/thornch/qdesign_ros2/install/qdesign_ros2/share/qdesign_ros2/package.xml
