[0.005s] Invoking command in '/home/thornch/qdesign_ros2/build/qdesign_ros2': CMAKE_PREFIX_PATH=${CMAKE_PREFIX_PATH}:/opt/ros/humble /usr/bin/cmake /home/thornch/qdesign_ros2 -DCMAKE_INSTALL_PREFIX=/home/thornch/qdesign_ros2/install/qdesign_ros2
[0.015s] -- Found ament_cmake: 1.3.11 (/opt/ros/humble/share/ament_cmake/cmake)
[0.173s] -- Found rclcpp: 16.0.11 (/opt/ros/humble/share/rclcpp/cmake)
[0.192s] -- Found rosidl_generator_c: 3.1.6 (/opt/ros/humble/share/rosidl_generator_c/cmake)
[0.193s] -- Found rosidl_adapter: 3.1.6 (/opt/ros/humble/share/rosidl_adapter/cmake)
[0.196s] -- Found rosidl_generator_cpp: 3.1.6 (/opt/ros/humble/share/rosidl_generator_cpp/cmake)
[0.201s] -- Using all available rosidl_typesupport_c: rosidl_typesupport_fastrtps_c;rosidl_typesupport_introspection_c
[0.208s] -- Using all available rosidl_typesupport_cpp: rosidl_typesupport_fastrtps_cpp;rosidl_typesupport_introspection_cpp
[0.227s] -- Found rmw_implementation_cmake: 6.1.2 (/opt/ros/humble/share/rmw_implementation_cmake/cmake)
[0.228s] -- Found rmw_fastrtps_cpp: 6.2.7 (/opt/ros/humble/share/rmw_fastrtps_cpp/cmake)
[0.284s] -- Using RMW implementation 'rmw_fastrtps_cpp' as default
[0.316s] -- Found sensor_msgs: 4.2.4 (/opt/ros/humble/share/sensor_msgs/cmake)
[0.336s] -- Found cv_bridge: 3.2.1 (/opt/ros/humble/share/cv_bridge/cmake)
[0.385s] -- Configuring done (0.4s)
[0.413s] -- Generating done (0.0s)
[0.415s] -- Build files have been written to: /home/thornch/qdesign_ros2/build/qdesign_ros2
[0.420s] Invoked command in '/home/thornch/qdesign_ros2/build/qdesign_ros2' returned '0': CMAKE_PREFIX_PATH=${CMAKE_PREFIX_PATH}:/opt/ros/humble /usr/bin/cmake /home/thornch/qdesign_ros2 -DCMAKE_INSTALL_PREFIX=/home/thornch/qdesign_ros2/install/qdesign_ros2
[0.421s] Invoking command in '/home/thornch/qdesign_ros2/build/qdesign_ros2': CMAKE_PREFIX_PATH=${CMAKE_PREFIX_PATH}:/opt/ros/humble /usr/bin/cmake --build /home/thornch/qdesign_ros2/build/qdesign_ros2 -- -j24 -l24
[0.448s] [  0%] Built target qt_realsense_node_autogen_timestamp_deps
[0.463s] [ 16%] [34m[1mAutomatic MOC and UIC for target qt_realsense_node[0m
[0.744s] [ 16%] Built target qt_realsense_node_autogen
[0.760s] [ 33%] [32mBuilding CXX object CMakeFiles/qt_realsense_node.dir/qt_realsense_node_autogen/mocs_compilation.cpp.o[0m
[0.760s] [ 66%] [32mBuilding CXX object CMakeFiles/qt_realsense_node.dir/src/DialogController.cpp.o[0m
[0.760s] [ 66%] [32mBuilding CXX object CMakeFiles/qt_realsense_node.dir/src/main.cpp.o[0m
[5.960s] [ 83%] [32m[1mLinking CXX executable qt_realsense_node[0m
[6.375s] /usr/bin/ld: warning: libopencv_imgcodecs.so.4.5d, needed by /opt/ros/humble/lib/libcv_bridge.so, may conflict with libopencv_imgcodecs.so.410
[6.375s] /usr/bin/ld: warning: libopencv_core.so.4.5d, needed by /opt/ros/humble/lib/libcv_bridge.so, may conflict with libopencv_core.so.410
[6.667s] [100%] Built target qt_realsense_node
[6.677s] Invoked command in '/home/thornch/qdesign_ros2/build/qdesign_ros2' returned '0': CMAKE_PREFIX_PATH=${CMAKE_PREFIX_PATH}:/opt/ros/humble /usr/bin/cmake --build /home/thornch/qdesign_ros2/build/qdesign_ros2 -- -j24 -l24
[6.681s] Invoking command in '/home/thornch/qdesign_ros2/build/qdesign_ros2': CMAKE_PREFIX_PATH=${CMAKE_PREFIX_PATH}:/opt/ros/humble /usr/bin/cmake --install /home/thornch/qdesign_ros2/build/qdesign_ros2
[6.683s] -- Install configuration: ""
[6.683s] -- Installing: /home/thornch/qdesign_ros2/install/qdesign_ros2/lib/qdesign_ros2/qt_realsense_node
[6.684s] -- Set non-toolchain portion of runtime path of "/home/thornch/qdesign_ros2/install/qdesign_ros2/lib/qdesign_ros2/qt_realsense_node" to ""
[6.685s] -- Installing: /home/thornch/qdesign_ros2/install/qdesign_ros2/share/ament_index/resource_index/package_run_dependencies/qdesign_ros2
[6.685s] -- Installing: /home/thornch/qdesign_ros2/install/qdesign_ros2/share/ament_index/resource_index/parent_prefix_path/qdesign_ros2
[6.685s] -- Installing: /home/thornch/qdesign_ros2/install/qdesign_ros2/share/qdesign_ros2/environment/ament_prefix_path.sh
[6.685s] -- Installing: /home/thornch/qdesign_ros2/install/qdesign_ros2/share/qdesign_ros2/environment/ament_prefix_path.dsv
[6.685s] -- Installing: /home/thornch/qdesign_ros2/install/qdesign_ros2/share/qdesign_ros2/environment/path.sh
[6.685s] -- Installing: /home/thornch/qdesign_ros2/install/qdesign_ros2/share/qdesign_ros2/environment/path.dsv
[6.685s] -- Installing: /home/thornch/qdesign_ros2/install/qdesign_ros2/share/qdesign_ros2/local_setup.bash
[6.685s] -- Installing: /home/thornch/qdesign_ros2/install/qdesign_ros2/share/qdesign_ros2/local_setup.sh
[6.685s] -- Installing: /home/thornch/qdesign_ros2/install/qdesign_ros2/share/qdesign_ros2/local_setup.zsh
[6.685s] -- Installing: /home/thornch/qdesign_ros2/install/qdesign_ros2/share/qdesign_ros2/local_setup.dsv
[6.686s] -- Installing: /home/thornch/qdesign_ros2/install/qdesign_ros2/share/qdesign_ros2/package.dsv
[6.686s] -- Installing: /home/thornch/qdesign_ros2/install/qdesign_ros2/share/ament_index/resource_index/packages/qdesign_ros2
[6.686s] -- Installing: /home/thornch/qdesign_ros2/install/qdesign_ros2/share/qdesign_ros2/cmake/qdesign_ros2Config.cmake
[6.686s] -- Installing: /home/thornch/qdesign_ros2/install/qdesign_ros2/share/qdesign_ros2/cmake/qdesign_ros2Config-version.cmake
[6.686s] -- Installing: /home/thornch/qdesign_ros2/install/qdesign_ros2/share/qdesign_ros2/package.xml
[6.687s] Invoked command in '/home/thornch/qdesign_ros2/build/qdesign_ros2' returned '0': CMAKE_PREFIX_PATH=${CMAKE_PREFIX_PATH}:/opt/ros/humble /usr/bin/cmake --install /home/thornch/qdesign_ros2/build/qdesign_ros2
