[  0%] Built target qt_realsense_node_autogen_timestamp_deps
[  0%] Built target realsense_camera_node_autogen_timestamp_deps
[  9%] Built target qt_realsense_node_autogen
[ 18%] Built target realsense_camera_node_autogen
[ 63%] Built target qt_realsense_node
[ 72%] [32mBuilding CXX object CMakeFiles/realsense_camera_node.dir/launch/launch_camera.cpp.o[0m
[ 81%] [32m[1mLinking CXX executable realsense_camera_node[0m
/usr/bin/ld: CMakeFiles/realsense_camera_node.dir/launch/launch_camera.cpp.o: in function `rs2::error::error(rs2_error*)':
launch_camera.cpp:(.text._ZN3rs25errorC2EP9rs2_error[_ZN3rs25errorC5EP9rs2_error]+0x32): undefined reference to `rs2_get_error_message'
/usr/bin/ld: launch_camera.cpp:(.text._ZN3rs25errorC2EP9rs2_error[_ZN3rs25errorC5EP9rs2_error]+0x77): undefined reference to `rs2_get_failed_function'
/usr/bin/ld: launch_camera.cpp:(.text._ZN3rs25errorC2EP9rs2_error[_ZN3rs25errorC5EP9rs2_error]+0x9e): undefined reference to `rs2_get_failed_function'
/usr/bin/ld: launch_camera.cpp:(.text._ZN3rs25errorC2EP9rs2_error[_ZN3rs25errorC5EP9rs2_error]+0x101): undefined reference to `rs2_get_failed_args'
/usr/bin/ld: launch_camera.cpp:(.text._ZN3rs25errorC2EP9rs2_error[_ZN3rs25errorC5EP9rs2_error]+0x128): undefined reference to `rs2_get_failed_args'
/usr/bin/ld: launch_camera.cpp:(.text._ZN3rs25errorC2EP9rs2_error[_ZN3rs25errorC5EP9rs2_error]+0x18b): undefined reference to `rs2_get_librealsense_exception_type'
/usr/bin/ld: launch_camera.cpp:(.text._ZN3rs25errorC2EP9rs2_error[_ZN3rs25errorC5EP9rs2_error]+0x19e): undefined reference to `rs2_free_error'
/usr/bin/ld: CMakeFiles/realsense_camera_node.dir/launch/launch_camera.cpp.o: in function `rs2::error::handle(rs2_error*)':
launch_camera.cpp:(.text._ZN3rs25error6handleEP9rs2_error[_ZN3rs25error6handleEP9rs2_error]+0x26): undefined reference to `rs2_get_librealsense_exception_type'
/usr/bin/ld: CMakeFiles/realsense_camera_node.dir/launch/launch_camera.cpp.o: in function `rs2::stream_profile::stream_profile(rs2_stream_profile const*)':
launch_camera.cpp:(.text._ZN3rs214stream_profileC2EPK18rs2_stream_profile[_ZN3rs214stream_profileC5EPK18rs2_stream_profile]+0xc2): undefined reference to `rs2_get_stream_profile_data'
/usr/bin/ld: launch_camera.cpp:(.text._ZN3rs214stream_profileC2EPK18rs2_stream_profile[_ZN3rs214stream_profileC5EPK18rs2_stream_profile]+0xe8): undefined reference to `rs2_is_stream_profile_default'
/usr/bin/ld: CMakeFiles/realsense_camera_node.dir/launch/launch_camera.cpp.o: in function `rs2::frame::~frame()':
launch_camera.cpp:(.text._ZN3rs25frameD2Ev[_ZN3rs25frameD5Ev]+0x27): undefined reference to `rs2_release_frame'
/usr/bin/ld: CMakeFiles/realsense_camera_node.dir/launch/launch_camera.cpp.o: in function `rs2::frame::get_data() const':
launch_camera.cpp:(.text._ZNK3rs25frame8get_dataEv[_ZNK3rs25frame8get_dataEv]+0x39): undefined reference to `rs2_get_frame_data'
/usr/bin/ld: CMakeFiles/realsense_camera_node.dir/launch/launch_camera.cpp.o: in function `rs2::frame::get_profile() const':
launch_camera.cpp:(.text._ZNK3rs25frame11get_profileEv[_ZNK3rs25frame11get_profileEv]+0x3d): undefined reference to `rs2_get_frame_stream_profile'
/usr/bin/ld: CMakeFiles/realsense_camera_node.dir/launch/launch_camera.cpp.o: in function `rs2::frame::add_ref() const':
launch_camera.cpp:(.text._ZNK3rs25frame7add_refEv[_ZNK3rs25frame7add_refEv]+0x39): undefined reference to `rs2_frame_add_ref'
/usr/bin/ld: CMakeFiles/realsense_camera_node.dir/launch/launch_camera.cpp.o: in function `rs2::frame::reset()':
launch_camera.cpp:(.text._ZN3rs25frame5resetEv[_ZN3rs25frame5resetEv]+0x27): undefined reference to `rs2_release_frame'
/usr/bin/ld: CMakeFiles/realsense_camera_node.dir/launch/launch_camera.cpp.o: in function `rs2::video_frame::video_frame(rs2::frame const&)':
launch_camera.cpp:(.text._ZN3rs211video_frameC2ERKNS_5frameE[_ZN3rs211video_frameC5ERKNS_5frameE]+0x71): undefined reference to `rs2_is_frame_extendable_to'
/usr/bin/ld: CMakeFiles/realsense_camera_node.dir/launch/launch_camera.cpp.o: in function `rs2::video_frame::get_width() const':
launch_camera.cpp:(.text._ZNK3rs211video_frame9get_widthEv[_ZNK3rs211video_frame9get_widthEv]+0x41): undefined reference to `rs2_get_frame_width'
/usr/bin/ld: CMakeFiles/realsense_camera_node.dir/launch/launch_camera.cpp.o: in function `rs2::video_frame::get_height() const':
launch_camera.cpp:(.text._ZNK3rs211video_frame10get_heightEv[_ZNK3rs211video_frame10get_heightEv]+0x41): undefined reference to `rs2_get_frame_height'
/usr/bin/ld: CMakeFiles/realsense_camera_node.dir/launch/launch_camera.cpp.o: in function `rs2::video_frame::get_stride_in_bytes() const':
launch_camera.cpp:(.text._ZNK3rs211video_frame19get_stride_in_bytesEv[_ZNK3rs211video_frame19get_stride_in_bytesEv]+0x41): undefined reference to `rs2_get_frame_stride_in_bytes'
/usr/bin/ld: CMakeFiles/realsense_camera_node.dir/launch/launch_camera.cpp.o: in function `rs2::depth_frame::depth_frame(rs2::frame const&)':
launch_camera.cpp:(.text._ZN3rs211depth_frameC2ERKNS_5frameE[_ZN3rs211depth_frameC5ERKNS_5frameE]+0x71): undefined reference to `rs2_is_frame_extendable_to'
/usr/bin/ld: CMakeFiles/realsense_camera_node.dir/launch/launch_camera.cpp.o: in function `rs2::frameset::frameset(rs2::frame const&)':
launch_camera.cpp:(.text._ZN3rs28framesetC2ERKNS_5frameE[_ZN3rs28framesetC5ERKNS_5frameE]+0x7d): undefined reference to `rs2_is_frame_extendable_to'
/usr/bin/ld: launch_camera.cpp:(.text._ZN3rs28framesetC2ERKNS_5frameE[_ZN3rs28framesetC5ERKNS_5frameE]+0xe6): undefined reference to `rs2_embedded_frames_count'
/usr/bin/ld: CMakeFiles/realsense_camera_node.dir/launch/launch_camera.cpp.o: in function `rs2::context::context(char const*)':
launch_camera.cpp:(.text._ZN3rs27contextC2EPKc[_ZN3rs27contextC5EPKc]+0x49): undefined reference to `rs2_create_context_ex'
/usr/bin/ld: launch_camera.cpp:(.text._ZN3rs27contextC2EPKc[_ZN3rs27contextC5EPKc]+0x57): undefined reference to `rs2_delete_context'
/usr/bin/ld: CMakeFiles/realsense_camera_node.dir/launch/launch_camera.cpp.o: in function `rs2::config::config()':
launch_camera.cpp:(.text._ZN3rs26configC2Ev[_ZN3rs26configC5Ev]+0x3c): undefined reference to `rs2_create_config'
/usr/bin/ld: launch_camera.cpp:(.text._ZN3rs26configC2Ev[_ZN3rs26configC5Ev]+0x4a): undefined reference to `rs2_delete_config'
/usr/bin/ld: CMakeFiles/realsense_camera_node.dir/launch/launch_camera.cpp.o: in function `rs2::config::enable_stream(rs2_stream, int, int, int, rs2_format, int)':
launch_camera.cpp:(.text._ZN3rs26config13enable_streamE10rs2_streamiii10rs2_formati[_ZN3rs26config13enable_streamE10rs2_streamiii10rs2_formati]+0x64): undefined reference to `rs2_config_enable_stream'
/usr/bin/ld: CMakeFiles/realsense_camera_node.dir/launch/launch_camera.cpp.o: in function `rs2::pipeline::pipeline(rs2::context)':
launch_camera.cpp:(.text._ZN3rs28pipelineC2ENS_7contextE[_ZN3rs28pipelineC5ENS_7contextE]+0x52): undefined reference to `rs2_create_pipeline'
/usr/bin/ld: launch_camera.cpp:(.text._ZN3rs28pipelineC2ENS_7contextE[_ZN3rs28pipelineC5ENS_7contextE]+0x60): undefined reference to `rs2_delete_pipeline'
/usr/bin/ld: CMakeFiles/realsense_camera_node.dir/launch/launch_camera.cpp.o: in function `rs2::pipeline::start(rs2::config const&)':
launch_camera.cpp:(.text._ZN3rs28pipeline5startERKNS_6configE[_ZN3rs28pipeline5startERKNS_6configE]+0x6f): undefined reference to `rs2_pipeline_start_with_config'
/usr/bin/ld: launch_camera.cpp:(.text._ZN3rs28pipeline5startERKNS_6configE[_ZN3rs28pipeline5startERKNS_6configE]+0x7d): undefined reference to `rs2_delete_pipeline_profile'
/usr/bin/ld: CMakeFiles/realsense_camera_node.dir/launch/launch_camera.cpp.o: in function `rs2::pipeline::stop()':
launch_camera.cpp:(.text._ZN3rs28pipeline4stopEv[_ZN3rs28pipeline4stopEv]+0x41): undefined reference to `rs2_pipeline_stop'
/usr/bin/ld: CMakeFiles/realsense_camera_node.dir/launch/launch_camera.cpp.o: in function `rs2::pipeline::wait_for_frames(unsigned int) const':
launch_camera.cpp:(.text._ZNK3rs28pipeline15wait_for_framesEj[_ZNK3rs28pipeline15wait_for_framesEj]+0x4b): undefined reference to `rs2_pipeline_wait_for_frames'
/usr/bin/ld: CMakeFiles/realsense_camera_node.dir/launch/launch_camera.cpp.o: in function `void rs2::frameset::foreach_rs<rs2::frameset::first_or_default(rs2_stream, rs2_format) const::{lambda(rs2::frame)#1}>(rs2::frameset::first_or_default(rs2_stream, rs2_format) const::{lambda(rs2::frame)#1}) const':
launch_camera.cpp:(.text._ZNK3rs28frameset10foreach_rsIZNKS0_16first_or_defaultE10rs2_stream10rs2_formatEUlNS_5frameEE_EEvT_[_ZNK3rs28frameset10foreach_rsIZNKS0_16first_or_defaultE10rs2_stream10rs2_formatEUlNS_5frameEE_EEvT_]+0x78): undefined reference to `rs2_extract_frame'
collect2: error: ld returned 1 exit status
gmake[2]: *** [CMakeFiles/realsense_camera_node.dir/build.make:201: realsense_camera_node] Error 1
gmake[1]: *** [CMakeFiles/Makefile2:191: CMakeFiles/realsense_camera_node.dir/all] Error 2
gmake: *** [Makefile:146: all] Error 2
